[    0.000000] Initializing cgroup subsys cpuset
[    0.000000] Initializing cgroup subsys cpu
[    0.000000] Initializing cgroup subsys cpuacct
[    0.000000] Linux version 4.4.0-210-generic (buildd@lgw01-amd64-009) (gcc version 5.4.0 20160609 (Ubuntu 5.4.0-6ubuntu1~16.04.12) ) #242-Ubuntu SMP Fri Apr 16 09:57:56 UTC 2021 (Ubuntu 4.4.0-210.242-generic 4.4.262)
[    0.000000] Command line: BOOT_IMAGE=/boot/vmlinuz-4.4.0-210-generic root=LABEL=cloudimg-rootfs ro console=tty1 console=ttyS0
[    0.000000] KERNEL supported cpus:
[    0.000000]   Intel GenuineIntel
[    0.000000]   AMD AuthenticAMD
[    0.000000]   Centaur CentaurHauls
[    0.000000] x86/fpu: Legacy x87 FPU detected.
[    0.000000] e820: BIOS-provided physical RAM map:
[    0.000000] BIOS-e820: [mem 0x0000000000000000-0x000000000009fbff] usable
[    0.000000] BIOS-e820: [mem 0x000000000009fc00-0x000000000009ffff] reserved
[    0.000000] BIOS-e820: [mem 0x00000000000f0000-0x00000000000fffff] reserved
[    0.000000] BIOS-e820: [mem 0x0000000000100000-0x000000003ffeffff] usable
[    0.000000] BIOS-e820: [mem 0x000000003fff0000-0x000000003fffffff] ACPI data
[    0.000000] BIOS-e820: [mem 0x00000000fec00000-0x00000000fec00fff] reserved
[    0.000000] BIOS-e820: [mem 0x00000000fee00000-0x00000000fee00fff] reserved
[    0.000000] BIOS-e820: [mem 0x00000000fffc0000-0x00000000ffffffff] reserved
[    0.000000] NX (Execute Disable) protection: active
[    0.000000] SMBIOS 2.5 present.
[    0.000000] Hypervisor detected: KVM
[    0.000000] Kernel/User page tables isolation: disabled
[    0.000000] e820: last_pfn = 0x3fff0 max_arch_pfn = 0x400000000
[    0.000000] MTRR: Disabled
[    0.000000] x86/PAT: MTRRs disabled, skipping PAT initialization too.
[    0.000000] CPU MTRRs all blank - virtualized system.
[    0.000000] x86/PAT: Configuration [0-7]: WB  WT  UC- UC  WB  WT  UC- UC  
[    0.000000] found SMP MP-table at [mem 0x0009fff0-0x0009ffff] mapped at [ffff88000009fff0]
[    0.000000] Scanning 1 areas for low memory corruption
[    0.000000] RAMDISK: [mem 0x362dc000-0x37165fff]
[    0.000000] ACPI: Early table checksum verification disabled
[    0.000000] ACPI: RSDP 0x00000000000E0000 000024 (v02 VBOX  )
[    0.000000] ACPI: XSDT 0x000000003FFF0030 00003C (v01 VBOX   VBOXXSDT 00000001 ASL  00000061)
[    0.000000] ACPI: FACP 0x000000003FFF00F0 0000F4 (v04 VBOX   VBOXFACP 00000001 ASL  00000061)
[    0.000000] ACPI: DSDT 0x000000003FFF0470 002325 (v02 VBOX   VBOXBIOS 00000002 INTL 20100528)
[    0.000000] ACPI: FACS 0x000000003FFF0200 000040
[    0.000000] ACPI: FACS 0x000000003FFF0200 000040
[    0.000000] ACPI: APIC 0x000000003FFF0240 00005C (v02 VBOX   VBOXAPIC 00000001 ASL  00000061)
[    0.000000] ACPI: SSDT 0x000000003FFF02A0 0001CC (v01 VBOX   VBOXCPUT 00000002 INTL 20100528)
[    0.000000] No NUMA configuration found
[    0.000000] Faking a node at [mem 0x0000000000000000-0x000000003ffeffff]
[    0.000000] NODE_DATA(0) allocated [mem 0x3ffeb000-0x3ffeffff]
[    0.000000] kvm-clock: Using msrs 4b564d01 and 4b564d00
[    0.000000] kvm-clock: cpu 0, msr 0:3ffe3001, primary cpu clock
[    0.000000] kvm-clock: using sched offset of 3527367323 cycles
[    0.000000] clocksource: kvm-clock: mask: 0xffffffffffffffff max_cycles: 0x1cd42e4dffb, max_idle_ns: 881590591483 ns
[    0.000000] Zone ranges:
[    0.000000]   DMA      [mem 0x0000000000001000-0x0000000000ffffff]
[    0.000000]   DMA32    [mem 0x0000000001000000-0x000000003ffeffff]
[    0.000000]   Normal   empty
[    0.000000]   Device   empty
[    0.000000] Movable zone start for each node
[    0.000000] Early memory node ranges
[    0.000000]   node   0: [mem 0x0000000000001000-0x000000000009efff]
[    0.000000]   node   0: [mem 0x0000000000100000-0x000000003ffeffff]
[    0.000000] Initmem setup node 0 [mem 0x0000000000001000-0x000000003ffeffff]
[    0.000000] ACPI: PM-Timer IO Port: 0x4008
[    0.000000] IOAPIC[0]: apic_id 2, version 32, address 0xfec00000, GSI 0-23
[    0.000000] ACPI: INT_SRC_OVR (bus 0 bus_irq 0 global_irq 2 dfl dfl)
[    0.000000] ACPI: INT_SRC_OVR (bus 0 bus_irq 9 global_irq 9 low level)
[    0.000000] Using ACPI (MADT) for SMP configuration information
[    0.000000] smpboot: Allowing 2 CPUs, 0 hotplug CPUs
[    0.000000] PM: Registered nosave memory: [mem 0x00000000-0x00000fff]
[    0.000000] PM: Registered nosave memory: [mem 0x0009f000-0x0009ffff]
[    0.000000] PM: Registered nosave memory: [mem 0x000a0000-0x000effff]
[    0.000000] PM: Registered nosave memory: [mem 0x000f0000-0x000fffff]
[    0.000000] e820: [mem 0x40000000-0xfebfffff] available for PCI devices
[    0.000000] Booting paravirtualized kernel on KVM
[    0.000000] clocksource: refined-jiffies: mask: 0xffffffff max_cycles: 0xffffffff, max_idle_ns: 7645519600211568 ns
[    0.000000] setup_percpu: NR_CPUS:512 nr_cpumask_bits:512 nr_cpu_ids:2 nr_node_ids:1
[    0.000000] PERCPU: Embedded 33 pages/cpu @ffff88003fc00000 s95192 r8192 d31784 u1048576
[    0.000000] Built 1 zonelists in Node order, mobility grouping on.  Total pages: 257912
[    0.000000] Policy zone: DMA32
[    0.000000] Kernel command line: BOOT_IMAGE=/boot/vmlinuz-4.4.0-210-generic root=LABEL=cloudimg-rootfs ro console=tty1 console=ttyS0
[    0.000000] PID hash table entries: 4096 (order: 3, 32768 bytes)
[    0.000000] Memory: 997792K/1048120K available (8644K kernel code, 1332K rwdata, 4044K rodata, 1492K init, 1164K bss, 50328K reserved, 0K cma-reserved)
[    0.000000] SLUB: HWalign=64, Order=0-3, MinObjects=0, CPUs=2, Nodes=1
[    0.000000] Hierarchical RCU implementation.
[    0.000000] 	Build-time adjustment of leaf fanout to 64.
[    0.000000] 	RCU restricting CPUs from NR_CPUS=512 to nr_cpu_ids=2.
[    0.000000] RCU: Adjusting geometry for rcu_fanout_leaf=64, nr_cpu_ids=2
[    0.000000] NR_IRQS:33024 nr_irqs:440 16
[    0.000000] Console: colour VGA+ 80x25
[    0.000000] console [tty1] enabled
[    0.000000] console [ttyS0] enabled
[    0.000000] tsc: Detected 3600.010 MHz processor
[    0.456839] Calibrating delay loop (skipped) preset value.. 7200.02 BogoMIPS (lpj=14400040)
[    0.463441] pid_max: default: 32768 minimum: 301
[    0.466900] ACPI: Core revision 20150930
[    0.471603] ACPI: 2 ACPI AML tables successfully acquired and loaded
[    0.478568] Security Framework initialized
[    0.482603] Yama: becoming mindful.
[    0.486530] AppArmor: AppArmor initialized
[    0.491861] Dentry cache hash table entries: 131072 (order: 8, 1048576 bytes)
[    0.499968] Inode-cache hash table entries: 65536 (order: 7, 524288 bytes)
[    0.506620] Mount-cache hash table entries: 2048 (order: 2, 16384 bytes)
[    0.517311] Mountpoint-cache hash table entries: 2048 (order: 2, 16384 bytes)
[    0.526614] Initializing cgroup subsys io
[    0.532356] Initializing cgroup subsys memory
[    0.535934] Initializing cgroup subsys devices
[    0.539627] Initializing cgroup subsys freezer
[    0.543357] Initializing cgroup subsys net_cls
[    0.547169] Initializing cgroup subsys perf_event
[    0.551221] Initializing cgroup subsys net_prio
[    0.554780] Initializing cgroup subsys hugetlb
[    0.558185] Initializing cgroup subsys pids
[    0.565737] mce: CPU supports 0 MCE banks
[    0.572166] Last level iTLB entries: 4KB 128, 2MB 8, 4MB 8
[    0.576714] Last level dTLB entries: 4KB 64, 2MB 0, 4MB 0, 1GB 4
[    0.583384] Spectre V1 : Mitigation: usercopy/swapgs barriers and __user pointer sanitization
[    0.591294] Spectre V2 : Mitigation: Full generic retpoline
[    0.596159] Spectre V2 : Spectre v2 / SpectreRSB mitigation: Filling RSB on context switch
[    0.605230] Speculative Store Bypass: Vulnerable
[    0.609603] MDS: Mitigation: Clear CPU buffers
[    0.646027] Freeing SMP alternatives memory: 36K
[    0.717376] ftrace: allocating 32380 entries in 127 pages
[    1.190059] smpboot: APIC(0) Converting physical 0 to logical package 0
[    1.195647] smpboot: Max logical packages: 1
[    1.211143] ..TIMER: vector=0x30 apic1=0 pin1=2 apic2=-1 pin2=-1
[    1.324934] smpboot: CPU0: Intel(R) Core(TM) i7-9700K CPU @ 3.60GHz (family: 0x6, model: 0x9e, stepping: 0xc)
[    1.334966] Performance Events: unsupported p6 CPU model 158 no PMU driver, software events only.
[    1.412588] KVM setup paravirtual spinlock
[    1.417751] x86: Booting SMP configuration:
[    1.420954] .... node  #0, CPUs:      #1
[    1.425011] kvm-clock: cpu 1, msr 0:3ffe3041, secondary cpu clock
[    1.428933] mce: CPU supports 0 MCE banks
[    1.432587] TSC synchronization [CPU#0 -> CPU#1]:
[    1.436080] Measured 58253 cycles TSC warp between CPUs, turning off TSC clock.
[    1.441162] tsc: Marking TSC unstable due to check_tsc_sync_source failed
[    0.472029] x86: Booted up 1 node, 2 CPUs
[    0.475271] smpboot: Total of 2 processors activated (14400.04 BogoMIPS)
[    0.480453] devtmpfs: initialized
[    0.485473] evm: security.selinux
[    0.488003] evm: security.SMACK64
[    0.490467] evm: security.SMACK64EXEC
[    0.492001] evm: security.SMACK64TRANSMUTE
[    0.494952] evm: security.SMACK64MMAP
[    0.496002] evm: security.ima
[    0.498596] evm: security.capability
[    0.500235] clocksource: jiffies: mask: 0xffffffff max_cycles: 0xffffffff, max_idle_ns: 7645041785100000 ns
[    0.504095] futex hash table entries: 512 (order: 3, 32768 bytes)
[    0.508280] pinctrl core: initialized pinctrl subsystem
[    0.512289] RTC time: 16:49:20, date: 10/19/22
[    0.516776] NET: Registered protocol family 16
[    0.532004] cpuidle: using governor ladder
[    0.544005] cpuidle: using governor menu
[    0.547550] PCCT header not found.
[    0.548152] ACPI: bus type PCI registered
[    0.552003] acpiphp: ACPI Hot Plug PCI Controller Driver version: 0.5
[    0.556367] PCI: Using configuration type 1 for base access
[    0.576399] ACPI: Added _OSI(Module Device)
[    0.580002] ACPI: Added _OSI(Processor Device)
[    0.584002] ACPI: Added _OSI(3.0 _SCP Extensions)
[    0.587421] ACPI: Added _OSI(Processor Aggregator Device)
[    0.592302] ACPI: Executed 1 blocks of module-level executable AML code
[    0.600785] ACPI: Interpreter enabled
[    0.604008] ACPI: (supports S0 S5)
[    0.606491] ACPI: Using IOAPIC for interrupt routing
[    0.608275] PCI: Using host bridge windows from ACPI; if necessary, use "pci=nocrs" and report a bug
[    0.621992] ACPI: PCI Root Bridge [PCI0] (domain 0000 [bus 00-ff])
[    0.624005] acpi PNP0A03:00: _OSC: OS supports [ASPM ClockPM Segments MSI]
[    0.628520] acpi PNP0A03:00: _OSC: not requesting OS control; OS requires [ExtendedConfig ASPM ClockPM MSI]
[    0.636012] acpi PNP0A03:00: fail to add MMCONFIG information, can't access extended PCI configuration space under this bridge.
[    0.640598] PCI host bridge to bus 0000:00
[    0.644003] pci_bus 0000:00: root bus resource [io  0x0000-0x0cf7 window]
[    0.648003] pci_bus 0000:00: root bus resource [io  0x0d00-0xffff window]
[    0.652003] pci_bus 0000:00: root bus resource [mem 0x000a0000-0x000bffff window]
[    0.656003] pci_bus 0000:00: root bus resource [mem 0x40000000-0xfdffffff window]
[    0.660003] pci_bus 0000:00: root bus resource [bus 00-ff]
[    0.672000] pci 0000:00:01.1: legacy IDE quirk: reg 0x10: [io  0x01f0-0x01f7]
[    0.672003] pci 0000:00:01.1: legacy IDE quirk: reg 0x14: [io  0x03f6]
[    0.676000] pci 0000:00:01.1: legacy IDE quirk: reg 0x18: [io  0x0170-0x0177]
[    0.680004] pci 0000:00:01.1: legacy IDE quirk: reg 0x1c: [io  0x0376]
[    0.700626] pci 0000:00:07.0: quirk: [io  0x4000-0x403f] claimed by PIIX4 ACPI
[    0.704031] pci 0000:00:07.0: quirk: [io  0x4100-0x410f] claimed by PIIX4 SMB
[    0.717275] ACPI: PCI Interrupt Link [LNKA] (IRQs 5 9 10 *11)
[    0.728398] ACPI: PCI Interrupt Link [LNKB] (IRQs 5 9 *10 11)
[    0.736120] ACPI: PCI Interrupt Link [LNKC] (IRQs 5 *9 10 11)
[    0.741833] ACPI: PCI Interrupt Link [LNKD] (IRQs 5 9 10 *11)
[    0.748207] ACPI: Enabled 2 GPEs in block 00 to 07
[    0.752167] vgaarb: setting as boot device: PCI:0000:00:02.0
[    0.756000] vgaarb: device added: PCI:0000:00:02.0,decodes=io+mem,owns=io+mem,locks=none
[    0.756004] vgaarb: loaded
[    0.758091] vgaarb: bridge control possible 0000:00:02.0
[    0.760320] SCSI subsystem initialized
[    0.764155] ACPI: bus type USB registered
[    0.768029] usbcore: registered new interface driver usbfs
[    0.772022] usbcore: registered new interface driver hub
[    0.776009] usbcore: registered new device driver usb
[    0.784279] PCI: Using ACPI for IRQ routing
[    0.788682] NetLabel: Initializing
[    0.792002] NetLabel:  domain hash size = 128
[    0.796001] NetLabel:  protocols = UNLABELED CIPSOv4
[    0.800011] NetLabel:  unlabeled traffic allowed by default
[    0.804111] amd_nb: Cannot enumerate AMD northbridges
[    0.808331] clocksource: Switched to clocksource kvm-clock
[    0.830329] AppArmor: AppArmor Filesystem Enabled
[    0.830329] pnp: PnP ACPI init
[    0.830329] pnp: PnP ACPI: found 3 devices
[    0.879487] clocksource: acpi_pm: mask: 0xffffff max_cycles: 0xffffff, max_idle_ns: 2085701024 ns
[    0.880356] NET: Registered protocol family 2
[    0.890489] TCP established hash table entries: 8192 (order: 4, 65536 bytes)
[    0.895708] TCP bind hash table entries: 8192 (order: 5, 131072 bytes)
[    0.899506] TCP: Hash tables configured (established 8192 bind 8192)
[    0.899506] UDP hash table entries: 512 (order: 2, 16384 bytes)
[    0.899506] UDP-Lite hash table entries: 512 (order: 2, 16384 bytes)
[    0.899506] NET: Registered protocol family 1
[    0.899506] pci 0000:00:00.0: Limiting direct PCI/PCI transfers
[    0.899506] pci 0000:00:01.0: Activating ISA DMA hang workarounds
[    0.899506] Unpacking initramfs...
[    0.899506] Freeing initrd memory: 14888K
[    0.899506] clocksource: tsc: mask: 0xffffffffffffffff max_cycles: 0x33e45cd82d3, max_idle_ns: 440795345741 ns
[    0.899506] platform rtc_cmos: registered platform RTC device (no PNP device found)
[    0.899506] Scanning for low memory corruption every 60 seconds
[    1.199010] audit: initializing netlink subsys (disabled)
[    1.203123] audit: type=2000 audit(1666198164.765:1): initialized
[    1.207728] Initialise system trusted keyring
[    1.212249] HugeTLB registered 2 MB page size, pre-allocated 0 pages
[    1.218670] zbud: loaded
[    1.221970] VFS: Disk quotas dquot_6.6.0
[    1.225299] VFS: Dquot-cache hash table entries: 512 (order 0, 4096 bytes)
[    1.230323] squashfs: version 4.0 (2009/01/31) Phillip Lougher
[    1.236020] fuse init (API version 7.23)
[    1.240835] Key type big_key registered
[    1.243818] Allocating IMA MOK and blacklist keyrings.
[    1.261274] Key type asymmetric registered
[    1.264643] Asymmetric key parser 'x509' registered
[    1.268409] Block layer SCSI generic (bsg) driver version 0.4 loaded (major 249)
[    1.274745] io scheduler noop registered
[    1.277712] io scheduler deadline registered (default)
[    1.282494] io scheduler cfq registered
[    1.285794] pci_hotplug: PCI Hot Plug PCI Core version: 0.5
[    1.289921] pciehp: PCI Express Hot Plug Controller Driver version: 0.4
[    1.295162] ACPI: AC Adapter [AC] (on-line)
[    1.298429] input: Power Button as /devices/LNXSYSTM:00/LNXPWRBN:00/input/input0
[    1.304202] ACPI: Power Button [PWRF]
[    1.307305] input: Sleep Button as /devices/LNXSYSTM:00/LNXSLPBN:00/input/input1
[    1.313078] ACPI: Sleep Button [SLPF]
[    1.316708] GHES: HEST is not enabled!
[    1.320550] Serial: 8250/16550 driver, 32 ports, IRQ sharing enabled
[    1.350210] 00:02: ttyS0 at I/O 0x3f8 (irq = 4, base_baud = 115200) is a 16550A
[    1.372400] Linux agpgart interface v0.103
[    1.387478] loop: module loaded
[    1.392828] scsi host0: ata_piix
[    1.396740] scsi host1: ata_piix
[    1.399520] ata1: PATA max UDMA/33 cmd 0x1f0 ctl 0x3f6 bmdma 0xd000 irq 14
[    1.404686] ata2: PATA max UDMA/33 cmd 0x170 ctl 0x376 bmdma 0xd008 irq 15
[    1.409753] libphy: Fixed MDIO Bus: probed
[    1.413010] tun: Universal TUN/TAP device driver, 1.6
[    1.416516] tun: (C) 1999-2004 Max Krasnyansky <maxk@qualcomm.com>
[    1.421974] PPP generic driver version 2.4.2
[    1.425778] ehci_hcd: USB 2.0 'Enhanced' Host Controller (EHCI) Driver
[    1.430429] ehci-pci: EHCI PCI platform driver
[    1.433912] ehci-platform: EHCI generic platform driver
[    1.437743] ohci_hcd: USB 1.1 'Open' Host Controller (OHCI) Driver
[    1.442106] ohci-pci: OHCI PCI platform driver
[    1.445605] ohci-platform: OHCI generic platform driver
[    1.449430] uhci_hcd: USB Universal Host Controller Interface driver
[    1.453991] i8042: PNP: PS/2 Controller [PNP0303:PS2K,PNP0f03:PS2M] at 0x60,0x64 irq 1,12
[    1.463078] serio: i8042 KBD port at 0x60,0x64 irq 1
[    1.467015] serio: i8042 AUX port at 0x60,0x64 irq 12
[    1.471615] mousedev: PS/2 mouse device common for all mice
[    1.479256] rtc_cmos rtc_cmos: rtc core: registered rtc_cmos as rtc0
[    1.484300] input: AT Translated Set 2 keyboard as /devices/platform/i8042/serio0/input/input2
[    1.488543] rtc_cmos rtc_cmos: alarms up to one day, 114 bytes nvram
[    1.488550] i2c /dev entries driver
[    1.488651] device-mapper: uevent: version 1.0.3
[    1.488702] device-mapper: ioctl: 4.34.0-ioctl (2015-10-28) initialised: dm-devel@redhat.com
[    1.488715] ledtrig-cpu: registered to indicate activity on CPUs
[    1.489258] NET: Registered protocol family 10
[    1.489454] NET: Registered protocol family 17
[    1.489461] Key type dns_resolver registered
[    1.489724] registered taskstats version 1
[    1.489732] Loading compiled-in X.509 certificates
[    1.490093] Loaded X.509 cert 'Build time autogenerated kernel key: cf00e047681d67edb2720680708b7d9498083038'
[    1.490104] zswap: loaded using pool lzo/zbud
[    1.491511] Key type trusted registered
[    1.493811] Key type encrypted registered
[    1.493815] AppArmor: AppArmor sha1 policy hashing enabled
[    1.493816] ima: No TPM chip found, activating TPM-bypass!
[    1.493818] ima: Allocated hash algorithm: sha1
[    1.493852] evm: HMAC attrs: 0x1
[    1.494452]   Magic number: 10:936:843
[    1.495296] rtc_cmos rtc_cmos: setting system clock to 2022-10-19 16:49:21 UTC (1666198161)
[    1.495344] BIOS EDD facility v0.16 2004-Jun-25, 0 devices found
[    1.495344] EDD information not available.
[    1.627190] Freeing unused kernel memory: 1492K
[    1.644820] Write protecting the kernel read-only data: 14336k
[    1.652852] Freeing unused kernel memory: 1584K
[    1.659337] Freeing unused kernel memory: 52K
Loading, please wait...
starting version 229
[    1.682793] random: udevadm: uninitialized urandom read (16 bytes read, 5 bits of entropy available)
[    1.682892] random: systemd-udevd: uninitialized urandom read (16 bytes read, 5 bits of entropy available)
[    1.682933] random: systemd-udevd: uninitialized urandom read (16 bytes read, 5 bits of entropy available)
[    1.682939] random: systemd-udevd: uninitialized urandom read (16 bytes read, 5 bits of entropy available)
[    1.682946] random: systemd-udevd: uninitialized urandom read (16 bytes read, 5 bits of entropy available)
[    1.720382] random: udevadm: uninitialized urandom read (16 bytes read, 5 bits of entropy available)
[    1.733888] random: systemd-udevd: uninitialized urandom read (16 bytes read, 5 bits of entropy available)
[    1.735826] random: udevadm: uninitialized urandom read (16 bytes read, 5 bits of entropy available)
[    1.735852] random: udevadm: uninitialized urandom read (16 bytes read, 5 bits of entropy available)
[    1.736195] random: udevadm: uninitialized urandom read (16 bytes read, 5 bits of entropy available)
[    1.813774] e1000: Intel(R) PRO/1000 Network Driver - version 7.3.21-k8-NAPI
[    1.819698] e1000: Copyright (c) 1999-2006 Intel Corporation.
[    1.826077] Fusion MPT base driver 3.04.20
[    1.830038] Copyright (c) 1999-2008 LSI Corporation
[    1.848202] Fusion MPT SPI Host driver 3.04.20
[    2.381186] e1000 0000:00:03.0 eth0: (PCI:33MHz:32-bit) 02:be:82:6b:cc:1d
[    2.386169] e1000 0000:00:03.0 eth0: Intel(R) PRO/1000 Network Connection
[    2.405830] input: ImExPS/2 Generic Explorer Mouse as /devices/platform/i8042/serio1/input/input4
[    3.275753] e1000 0000:00:08.0 eth1: (PCI:33MHz:32-bit) 08:00:27:e0:ee:05
[    3.275753] e1000 0000:00:08.0 eth1: Intel(R) PRO/1000 Network Connection
[    3.311787] mptbase: ioc0: Initiating bringup
[    3.312871] e1000 0000:00:03.0 enp0s3: renamed from eth0
[    3.336423] e1000 0000:00:08.0 enp0s8: renamed from eth1
[    3.390083] ioc0: LSI53C1030 A0: Capabilities={Initiator}
[    3.567939] scsi host2: ioc0: LSI53C1030 A0, FwRev=00000000h, Ports=1, MaxQ=256, IRQ=20
[    3.690124] scsi 2:0:0:0: Direct-Access     VBOX     HARDDISK         1.0  PQ: 0 ANSI: 5
[    3.697395] scsi target2:0:0: Beginning Domain Validation
[    3.708158] scsi target2:0:0: Domain Validation skipping write tests
[    3.712954] scsi target2:0:0: Ending Domain Validation
[    3.717105] scsi target2:0:0: asynchronous
[    3.722774] scsi 2:0:1:0: Direct-Access     VBOX     HARDDISK         1.0  PQ: 0 ANSI: 5
[    3.726736] scsi target2:0:1: Beginning Domain Validation
[    3.739957] scsi target2:0:1: Domain Validation skipping write tests
[    3.744794] scsi target2:0:1: Ending Domain Validation
[    3.748663] scsi target2:0:1: asynchronous
[    3.773144] sd 2:0:0:0: Attached scsi generic sg0 type 0
[    3.773419] sd 2:0:0:0: [sda] 83886080 512-byte logical blocks: (42.9 GB/40.0 GiB)
[    3.774037] sd 2:0:0:0: [sda] Write Protect is off
[    3.774447] sd 2:0:0:0: [sda] Incomplete mode parameter data
[    3.774448] sd 2:0:0:0: [sda] Assuming drive cache: write through
[    3.777307]  sda: sda1
[    3.779044] sd 2:0:0:0: [sda] Attached SCSI disk
[    3.804355] sd 2:0:1:0: Attached scsi generic sg1 type 0
[    3.804903] sd 2:0:1:0: [sdb] 20480 512-byte logical blocks: (10.5 MB/10.0 MiB)
[    3.805517] sd 2:0:1:0: [sdb] Write Protect is off
[    3.805931] sd 2:0:1:0: [sdb] Incomplete mode parameter data
[    3.805931] sd 2:0:1:0: [sdb] Assuming drive cache: write through
[    3.811854] sd 2:0:1:0: [sdb] Attached SCSI disk
Begin: Loading essential drivers ... [    5.303312] md: linear personality registered for level -1
[    5.310356] md: multipath personality registered for level -4
[    5.317542] md: raid0 personality registered for level 0
[    5.333104] md: raid1 personality registered for level 1
[    5.408117] raid6: sse2x1   gen() 15583 MB/s
[    5.476434] raid6: sse2x1   xor() 11609 MB/s
[    5.544053] raid6: sse2x2   gen() 18401 MB/s
[    5.612222] raid6: sse2x2   xor() 13834 MB/s
[    5.680556] raid6: sse2x4   gen() 21941 MB/s
[    5.748622] raid6: sse2x4   xor() 14936 MB/s
[    5.752465] raid6: using algorithm sse2x4 gen() 21941 MB/s
[    5.756954] raid6: .... xor() 14936 MB/s, rmw enabled
[    5.760735] raid6: using ssse3x2 recovery algorithm
[    5.768128] xor: measuring software checksum speed
[   10.456422]    prefetch64-sse: -2058295.-592 MB/sec
[   10.571818]    generic_sse: 67135.000 MB/sec
[   10.575887] xor: using function: generic_sse (67135.000 MB/sec)
[   10.582083] async_tx: api initialized (async)
[   10.619033] md: raid6 personality registered for level 6
[   10.623912] md: raid5 personality registered for level 5
[   10.628283] md: raid4 personality registered for level 4
[   10.649149] md: raid10 personality registered for level 10
done.
Begin: Running /scripts/init-premount ... done.
Begin: Mounting root file system ... Begin: Running /scripts/local-top ... done.
Begin: Running /scripts/local-premount ... [   10.712017] Btrfs loaded
Scanning for Btrfs filesystems
done.
Warning: fsck not present, so skipping root file system
[   10.761936] EXT4-fs (sda1): mounted filesystem with ordered data mode. Opts: (null)
done.
Begin: Running /scripts/local-bottom ... done.
Begin: Running /scripts/init-bottom ... done.
[   10.915024] systemd[1]: systemd 229 running in system mode. (+PAM +AUDIT +SELINUX +IMA +APPARMOR +SMACK +SYSVINIT +UTMP +LIBCRYPTSETUP +GCRYPT +GNUTLS +ACL +XZ -LZ4 +SECCOMP +BLKID +ELFUTILS +KMOD -IDN)
[   10.928383] systemd[1]: Detected virtualization oracle.
[   10.932445] systemd[1]: Detected architecture x86-64.

Welcome to [1mUbuntu 16.04.7 LTS[0m!

[   10.945339] systemd[1]: Set hostname to <ubuntu>.
[   10.954476] systemd[1]: Initializing machine ID from random generator.
[   10.960097] systemd[1]: Installed transient /etc/machine-id file.
[   11.141971] systemd[1]: Listening on Device-mapper event daemon FIFOs.
[[0;32m  OK  [0m] Listening on Device-mapper event daemon FIFOs.
[   11.151742] systemd[1]: Listening on udev Control Socket.
[[0;32m  OK  [0m] Listening on udev Control Socket.
[   11.160890] systemd[1]: Listening on Journal Audit Socket.
[[0;32m  OK  [0m] Listening on Journal Audit Socket.
[   11.170018] systemd[1]: Listening on fsck to fsckd communication Socket.
[[0;32m  OK  [0m] Listening on fsck to fsckd communication Socket.
[   11.180210] systemd[1]: Listening on Journal Socket (/dev/log).
[[0;32m  OK  [0m] Listening on Journal Socket (/dev/log).
[   11.189733] systemd[1]: Listening on Syslog Socket.
[[0;32m  OK  [0m] Listening on Syslog Socket.
[   11.198473] systemd[1]: Reached target Encrypted Volumes.
[[0;32m  OK  [0m] Reached target Encrypted Volumes.
[   11.207236] systemd[1]: Reached target System Time Synchronized.
[[0;32m  OK  [0m] Reached target System Time Synchronized.
[   11.216873] systemd[1]: Reached target Swap.
[[0;32m  OK  [0m] Reached target Swap.
[   11.224889] systemd[1]: Listening on LVM2 poll daemon socket.
[[0;32m  OK  [0m] Listening on LVM2 poll daemon socket.
[   11.234051] systemd[1]: Reached target User and Group Name Lookups.
[[0;32m  OK  [0m] Reached target User and Group Name Lookups.
[   11.243849] systemd[1]: Listening on LVM2 metadata daemon socket.
[[0;32m  OK  [0m] Listening on LVM2 metadata daemon socket.
[   11.253179] systemd[1]: Listening on udev Kernel Socket.
[[0;32m  OK  [0m] Listening on udev Kernel Socket.
[   11.262190] systemd[1]: Started Trigger resolvconf update for networkd DNS.
[[0;32m  OK  [0m] Started Trigger resolvconf update for networkd DNS.
[   11.272525] systemd[1]: Created slice System Slice.
[[0;32m  OK  [0m] Created slice System Slice.
[   11.281170] systemd[1]: Listening on /dev/initctl Compatibility Named Pipe.
[[0;32m  OK  [0m] Listening on /dev/initctl Compatibility Named Pipe.
[   11.291590] systemd[1]: Started Forward Password Requests to Wall Directory Watch.
[[0;32m  OK  [0m] Started Forward Password Requests to Wall Directory Watch.
[   11.302964] systemd[1]: Listening on Journal Socket.
[[0;32m  OK  [0m] Listening on Journal Socket.
[   11.320559] systemd[1]: Starting Uncomplicated firewall...
         Starting Uncomplicated firewall...
[   11.331640] systemd[1]: Starting Load Kernel Modules...
         Starting Load Kernel Modules...
[   11.344518] systemd[1]: Mounting POSIX Message Queue File System...
         Mounting POSIX Message Queue File System...
[   11.354266] systemd[1]: Starting File System Check on Root Device...
[   11.360745] Loading iSCSI transport class v2.0-870.
         Starting File System Check on Root Device...
[   11.370728] systemd[1]: Mounting Debug File System...
         Mounting Debug File System...
[   11.382867] systemd[1]: Starting Journal Service...
         [   11.389345] iscsi: registered transport (tcp)
Starting Journal Service...
[   11.397218] systemd[1]: Starting Nameserver information manager...
         Starting Nameserver information manager...
[   11.410765] systemd[1]: Mounting Huge Pages File System...
         Mounting Huge Pages File System...
[   11.420308] systemd[1]: Starting Set console keymap...
         Starting Set console keymap...
[   11.434205] systemd[1]: Starting Monitoring of LVM2 mirrors, snapshots etc. using dmeventd or progress polling...
         Starting Monitoring of LVM2 mirrors... dmeventd or progress polling...
[   11.449064] systemd[1]: Starting Create list of required static device nodes for the current kernel...
         Starting Create list of required st... nodes for the current kernel...
[   11.461310] systemd[1]: Set up automount Arbitrary Executable File Formats File System Automount Point.
[[0;32m  OK  [0m] Set up automount Arbitrary Executab...ats File System Automount Point.
[   11.476073] systemd[1]: Created slice system-serial\x2dgetty.slice.
[[0;32m  OK  [0m] Created slice system-serial\x2dgetty.slice.
[   11.484439] systemd[1]: Created slice User and Session Slice.
[[0;32m  OK  [0m] Created slice User and Session Slice.
[   11.493816] systemd[1]: Reached target Slices.
[[0;32m  OK  [0m] Reached target Slices.
[   11.517022] systemd[1]: Mounted Huge Pages File System.
[[0;32m  OK  [0m] Mounted Huge Pages File System.
[   11.524726] systemd[1]: Mounted POSIX Message Queue File System.
[[0;32m  OK  [0m] Mounted POSIX Message Queue File System.
[   11.532969] systemd[1]: Mounted Debug File System.
[[0;32m  OK  [0m] Mounted Debug File System.
[   11.539929] systemd[1]: Started Journal Service.
[   11.545427] iscsi: registered transport (iser)
[[0;32m  OK  [0m] Started Journal Service.
[[0;32m  OK  [0m] Started Uncomplicated firewall.
[[0;32m  OK  [0m] Started Load Kernel Modules.
[[0;32m  OK  [0m] Started File System Check on Root Device.
[[0;32m  OK  [0m] Started Set console keymap.
[[0;32m  OK  [0m] Started Create list of required sta...ce nodes for the current kernel.
[[0;32m  OK  [0m] Started Nameserver information manager.
[[0;32m  OK  [0m] Started File System Check Daemon to report status.
[[0;32m  OK  [0m] Started LVM2 metadata daemon.
         Starting Create Static Device Nodes in /dev...
         Starting Remount Root and Kernel File Systems...
         Mounting FUSE Control File System...
         Starting Apply Kernel Variables...
[[0;32m  OK  [0m] Mounted FUSE Control File System.
[   11.621784] EXT4-fs (sda1): re-mounted. Opts: (null)
[[0;32m  OK  [0m] Started Remount Root and Kernel File Systems.
         Starting udev Coldplug all Devices...
         Starting Load/Save Random Seed...
         Starting Flush Journal to Persistent Storage...
[[0;32m  OK  [0m] Started Apply Kernel Variables.
[[0;32m  OK  [0m] Started Load/Save Random Seed.
[[0;32m  OK  [0m] Started Flush Journal to Persistent Storage.
[[0;32m  OK  [0m] Started Create Static Device Nodes in /dev.
         Starting udev Kernel Device Manager...
[[0;32m  OK  [0m] Started udev Coldplug all Devices.
[[0;32m  OK  [0m] Started udev Kernel Device Manager.
[[0;32m  OK  [0m] Started Dispatch Password Requests to Console Directory Watch.
[[0;32m  OK  [0m] Found device /dev/ttyS0.
[[0;32m  OK  [0m] Listening on Load/Save RF Kill Switch Status /dev/rfkill Watch.
[[0;32m  OK  [0m] Started Monitoring of LVM2 mirrors,...ng dmeventd or progress polling.
[[0;32m  OK  [0m] Reached target Local File Systems (Pre).
[[0;32m  OK  [0m] Reached target Local File Systems.
         Starting Commit a transient machine-id on disk...
         Starting Create Volatile Files and Directories...
         Starting Initial cloud-init job (pre-networking)...
         Starting Set console font and keymap...
         Starting Tell Plymouth To Write Out Runtime Data...
         Starting LSB: AppArmor initialization...
[[0;32m  OK  [0m] Started Commit a transient machine-id on disk.
[[0;32m  OK  [0m] Started Create Volatile Files and Directories.
[[0;32m  OK  [0m] Started Tell Plymouth To Write Out Runtime Data.
         Starting Update UTMP about System Boot/Shutdown...
[[0;32m  OK  [0m] Started Update UTMP about System Boot/Shutdown.
[[0;32m  OK  [0m] Started Set console font and keymap.
[[0;32m  OK  [0m] Created slice system-getty.slice.
[   13.660659] cloud-init[602]: Cloud-init v. 21.1-19-gbad84ad4-0ubuntu1~16.04.2 running 'init-local' at Wed, 19 Oct 2022 16:49:33 +0000. Up 13.27 seconds.
[[0;32m  OK  [0m] Started LSB: AppArmor initialization.
         Starting Load AppArmor profiles managed internally by snapd...
[[0;32m  OK  [0m] Started Load AppArmor profiles managed internally by snapd.
[[0;32m  OK  [0m] Started Initial cloud-init job (pre-networking).
[[0;32m  OK  [0m] Reached target Network (Pre).
         Starting Raise network interfaces...
[[0;32m  OK  [0m] Started Raise network interfaces.
[[0;32m  OK  [0m] Reached target Network.
         Starting Initial cloud-init job (metadata service crawler)...
[   14.591674] cloud-init[939]: Cloud-init v. 21.1-19-gbad84ad4-0ubuntu1~16.04.2 running 'init' at Wed, 19 Oct 2022 16:49:34 +0000. Up 14.14 seconds.
[   14.596578] cloud-init[939]: ci-info: ++++++++++++++++++++++++++++++++++++++Net device info+++++++++++++++++++++++++++++++++++++++
[   14.600874] cloud-init[939]: ci-info: +--------+-------+----------------------------+---------------+--------+-------------------+
[   14.605299] cloud-init[939]: ci-info: | Device |   Up  |          Address           |      Mask     | Scope  |     Hw-Address    |
[   14.609917] cloud-init[939]: ci-info: +--------+-------+----------------------------+---------------+--------+-------------------+
[   14.614230] cloud-init[939]: ci-info: | enp0s3 |  True |         10.0.2.15          | 255.255.255.0 | global | 02:be:82:6b:cc:1d |
[   14.618473] cloud-init[939]: ci-info: | enp0s3 |  True | fe80::be:82ff:fe6b:cc1d/64 |       .       |  link  | 02:be:82:6b:cc:1d |
[   14.622730] cloud-init[939]: ci-info: | enp0s8 | False |             .              |       .       |   .    | 08:00:27:e0:ee:05 |
[   14.627089] cloud-init[939]: ci-info: |   lo   |  True |         127.0.0.1          |   255.0.0.0   |  host  |         .         |
[   14.632628] cloud-init[939]: ci-info: |   lo   |  True |          ::1/128           |       .       |  host  |         .         |
[   14.636786] cloud-init[939]: ci-info: +--------+-------+----------------------------+---------------+--------+-------------------+
[   14.640941] cloud-init[939]: ci-info: +++++++++++++++++++++++++++Route IPv4 info++++++++++++++++++++++++++++
[   14.644732] cloud-init[939]: ci-info: +-------+-------------+----------+---------------+-----------+-------+
[   14.652924] cloud-init[939]: ci-info: | Route | Destination | Gateway  |    Genmask    | Interface | Flags |
[   14.656681] cloud-init[939]: ci-info: +-------+-------------+----------+---------------+-----------+-------+
[   14.657673] cloud-init[939]: ci-info: |   0   |   0.0.0.0   | 10.0.2.2 |    0.0.0.0    |   enp0s3  |   UG  |
[   14.658025] cloud-init[939]: ci-info: |   1   |   10.0.2.0  | 0.0.0.0  | 255.255.255.0 |   enp0s3  |   U   |
[   14.658316] cloud-init[939]: ci-info: +-------+-------------+----------+---------------+-----------+-------+
[   14.658603] cloud-init[939]: ci-info: +++++++++++++++++++Route IPv6 info+++++++++++++++++++
[   14.658892] cloud-init[939]: ci-info: +-------+-------------+---------+-----------+-------+
[   14.659202] cloud-init[939]: ci-info: | Route | Destination | Gateway | Interface | Flags |
[   14.659472] cloud-init[939]: ci-info: +-------+-------------+---------+-----------+-------+
[   14.659524] cloud-init[939]: ci-info: |   0   |  fe80::/64  |    ::   |   enp0s3  |   U   |
[   14.659869] cloud-init[939]: ci-info: |   3   |   ff00::/8  |    ::   |   enp0s3  |   U   |
[   14.660476] cloud-init[939]: ci-info: +-------+-------------+---------+-----------+-------+
[   14.660763] cloud-init[939]: Generating public/private rsa key pair.
[   14.661050] cloud-init[939]: Your identification has been saved in /etc/ssh/ssh_host_rsa_key.
[   14.661398] cloud-init[939]: Your public key has been saved in /etc/ssh/ssh_host_rsa_key.pub.
[   14.661688] cloud-init[939]: The key fingerprint is:
[   14.661982] cloud-init[939]: SHA256:cs3I7WKTfZ6fcUusX32BIolLsgIFFHtwHBfCxkZJvl8 root@ubuntu-xenial
[   14.662279] cloud-init[939]: The key's randomart image is:
[   14.662571] cloud-init[939]: +---[RSA 2048]----+
[   14.662865] cloud-init[939]: |.=B*oo.          |
[   14.663159] cloud-init[939]: |  *Bo            |
[   14.663452] cloud-init[939]: | .o+             |
[   14.663744] cloud-init[939]: |  o .  ..=.   .  |
[   14.664168] cloud-init[939]: | . . ..ESo+. . . |
[   14.664388] cloud-init[939]: |  . . =o.+. . . o|
[   14.664675] cloud-init[939]: |   . o .= o . .o=|
[   14.664968] cloud-init[939]: |    .  . o o .o++|
[   14.665264] cloud-init[939]: |            oo+o |
[   14.665558] cloud-init[939]: +----[SHA256]-----+
[   14.665851] cloud-init[939]: Generating public/private dsa key pair.
[   14.666146] cloud-init[939]: Your identification has been saved in /etc/ssh/ssh_host_dsa_key.
[   14.666438] cloud-init[939]: Your public key has been saved in /etc/ssh/ssh_host_dsa_key.pub.
[   14.666730] cloud-init[939]: The key fingerprint is:
[   14.667026] cloud-init[939]: SHA256:b2AKriXVKngyA3HNfKqB3pxdA38vPiqScMf6Zg3Pmtg root@ubuntu-xenial
[   14.667318] cloud-init[939]: The key's randomart image is:
[   14.667611] cloud-init[939]: +---[DSA 1024]----+
[   14.667901] cloud-init[939]: |                 |
[   14.668716] cloud-init[939]: |   +             |
[   14.669005] cloud-init[939]: |. . +..          |
[   14.669297] cloud-init[939]: | +   +o          |
[   14.669591] cloud-init[939]: |o . = .+S.       |
[   14.669900] cloud-init[939]: |ooo*o*.ooo.      |
[   14.670179] cloud-init[939]: |=.B+B.*  .o.     |
[   14.670473] cloud-init[939]: | = Oo+.+.o.      |
[   14.670763] cloud-init[939]: |  ..=Eo....      |
[   14.671058] cloud-init[939]: +----[SHA256]-----+
[   14.671350] cloud-init[939]: Generating public/private ecdsa key pair.
[   14.671644] cloud-init[939]: Your identification has been saved in /etc/ssh/ssh_host_ecdsa_key.
[   14.671981] cloud-init[939]: Your public key has been saved in /etc/ssh/ssh_host_ecdsa_key.pub.
[   14.672587] cloud-init[939]: The key fingerprint is:
[   14.672883] cloud-init[939]: SHA256:3CpNH8LukU+DSr6uFKipETyvf0/q58t55xbCFL1wJh4 root@ubuntu-xenial
[   14.673165] cloud-init[939]: The key's randomart image is:
[   14.673451] cloud-init[939]: +---[ECDSA 256]---+
[   14.673744] cloud-init[939]: |          .      |
[   14.674031] cloud-init[939]: |         E +     |
[   14.674320] cloud-init[939]: |        . B .    |
[   14.674608] cloud-init[939]: |.  .   o + .     |
[   14.674903] cloud-init[939]: |.o. .   S o      |
[   14.675189] cloud-init[939]: | +o  . + O o     |
[   14.675476] cloud-init[939]: |+  .. o.B = .    |
[   14.675775] cloud-init[939]: |.... ++=.= +     |
[   14.676175] cloud-init[939]: |....+=OB+ =.     |
[   14.676385] cloud-init[939]: +----[SHA256]-----+
[   14.676665] cloud-init[939]: Generating public/private ed25519 key pair.
[   14.676966] cloud-init[939]: Your identification has been saved in /etc/ssh/ssh_host_ed25519_key.
[   14.677253] cloud-init[939]: Your public key has been saved in /etc/ssh/ssh_host_ed25519_key.pub.
[   14.677541] cloud-init[939]: The key fingerprint is:
[   14.677829] cloud-init[939]: SHA256:U4eKRKdR4/F1dOJfTWB3n22N+3RXeNI+bP/vx8bKYBA root@ubuntu-xenial
[   14.678119] cloud-init[939]: The key's randomart image is:
[   14.678406] cloud-init[939]: +--[ED25519 256]--+
[   14.678693] cloud-init[939]: |      o.=   ..*.=|
[   14.678985] cloud-init[939]: |     . = + o + OB|
[   14.679364] cloud-init[939]: |      o . E . =.@|
[   14.679561] cloud-init[939]: |     . . o o  .Bo|
[   14.679854] cloud-init[939]: |      . S .   .+*|
[   14.680468] cloud-init[939]: |         . .  .o=|
[   14.680760] cloud-init[939]: |            o  oo|
[   14.681048] cloud-init[939]: |           . o  *|
[   14.681334] cloud-init[939]: |              o+*|
[   14.754910] cloud-init[939]: +----[SHA256]-----+
[[0;32m  OK  [0m] Started Initial cloud-init job (metadata service crawler).
[[0;32m  OK  [0m] Reached target Cloud-config availability.
[[0;32m  OK  [0m] Reached target Network is Online.
         Starting iSCSI initiator daemon (iscsid)...
[[0;32m  OK  [0m] Reached target System Initialization.
[[0;32m  OK  [0m] Listening on UUID daemon activation socket.
[[0;32m  OK  [0m] Listening on ACPID Listen Socket.
[[0;32m  OK  [0m] Started Daily Cleanup of Temporary Directories.
[[0;32m  OK  [0m] Listening on D-Bus System Message Bus Socket.
[[0;32m  OK  [0m] Started Ubuntu Advantage update messaging.
[[0;32m  OK  [0m] Started ACPI Events Check.
[[0;32m  OK  [0m] Reached target Paths.
         Starting LXD - unix socket.
[[0;32m  OK  [0m] Started Daily apt download activities.
[[0;32m  OK  [0m] Started Daily apt upgrade and clean activities.
[[0;32m  OK  [0m] Started Message of the Day.
[[0;32m  OK  [0m] Reached target Timers.
         Starting Socket activation for snappy daemon.
[[0;32m  OK  [0m] Listening on LXD - unix socket.
[[0;32m  OK  [0m] Listening on Socket activation for snappy daemon.
[[0;32m  OK  [0m] Reached target Sockets.
[[0;32m  OK  [0m] Reached target Basic System.
         Starting System Logging Service...
         Starting LSB: Record successful boot for GRUB...
[[0;32m  OK  [0m] Started Regular background program processing daemon.
         Starting Accounts Service...
[[0;32m  OK  [0m] Started D-Bus System Message Bus.
[[0;32m  OK  [0m] Started ACPI event daemon.
         Starting /etc/rc.local Compatibility...
[[0;32m  OK  [0m] Started Deferred execution scheduler.
         Starting Login Service...
         Starting LSB: MD monitoring daemon...
         Starting Snap Daemon...
         Starting Virtualbox guest utils...
[[0;32m  OK  [0m] Started FUSE filesystem for LXC.
         Starting Pollinate to seed the pseudo random number generator...
         Starting LXD - container startup/shutdown...
[[0;32m  OK  [0m] Started System Logging Service.
[[0;32m  OK  [0m] Started iSCSI initiator daemon (iscsid).
[[0;32m  OK  [0m] Started /etc/rc.local Compatibility.
         Starting Authenticate and Authorize Users to Run Privileged Tasks...
         Starting Login to default iSCSI targets...
[[0;32m  OK  [0m] Started LSB: Record successful boot for GRUB.
[[0;32m  OK  [0m] Started LSB: MD monitoring daemon.
[[0;32m  OK  [0m] Started Login Service.
[[0;32m  OK  [0m] Started Unattended Upgrades Shutdown.
[[0;32m  OK  [0m] Started Authenticate and Authorize Users to Run Privileged Tasks.
[[0;32m  OK  [0m] Started Accounts Service.
[[0;32m  OK  [0m] Started LXD - container startup/shutdown.
[[0;32m  OK  [0m] Started Login to default iSCSI targets.
[[0;32m  OK  [0m] Reached target Remote File Systems (Pre).
[[0;32m  OK  [0m] Reached target Remote File Systems.
         Starting Permit User Sessions...
         Starting LSB: Set the CPU Frequency Scaling governor to "ondemand"...
         Starting LSB: automatic crash report generation...
         Starting LSB: daemon to balance interrupts for SMP systems...
[[0;32m  OK  [0m] Started Virtualbox guest utils.
[[0;32m  OK  [0m] Started Permit User Sessions.
         Starting Hold until boot process finishes up...
         Starting Terminate Plymouth Boot Screen...
[[0;32m  OK  [0m] Started Hold until boot process finishes up.
[[0;32m  OK  [0m] Started Serial Getty on ttyS0.
         Starting Set console scheme...
[[0;32m  OK  [0m] Started Getty on tty1.
[[0;32m  OK  [0m] Reached target Login Prompts.
[[0;32m  OK  [0m] Started LSB: Set the CPU Frequency Scaling governor to "ondemand".
[[0;32m  OK  [0m] Started Terminate Plymouth Boot Screen.
[[0;32m  OK  [0m] Started Set console scheme.
[[0;32m  OK  [0m] Started LSB: automatic crash report generation.
[[0;32m  OK  [0m] Started LSB: daemon to balance interrupts for SMP systems.
[[0;32m  OK  [0m] Started Pollinate to seed the pseudo random number generator.
         Starting OpenBSD Secure Shell server...
[[0;32m  OK  [0m] Started Snap Daemon.
         Starting Wait until snapd is fully seeded...
[[0;32m  OK  [0m] Started OpenBSD Secure Shell server.
[[0;32m  OK  [0m] Started Wait until snapd is fully seeded.
         Starting Apply the settings specified in cloud-config...
[[0;32m  OK  [0m] Reached target Multi-User System.
[[0;32m  OK  [0m] Reached target Graphical Interface.
         Starting Update UTMP about System Runlevel Changes...
[[0;32m  OK  [0m] Started Update UTMP about System Runlevel Changes.
[   16.977687] cloud-init[1280]: Generating locales (this might take a while)...
[[0;32m  OK  [0m] Created slice User Slice of vagrant.
         Starting User Manager for UID 1000...
[[0;32m  OK  [0m] Started Session 1 of user vagrant.
[   17.809662] cloud-init[1280]:   en_US.UTF-8... done
[   17.814610] cloud-init[1280]: Generation complete.
[[0;32m  OK  [0m] Started User Manager for UID 1000.
[   18.123925] cloud-init[1280]: Cloud-init v. 21.1-19-gbad84ad4-0ubuntu1~16.04.2 running 'modules:config' at Wed, 19 Oct 2022 16:49:36 +0000. Up 16.89 seconds.
[[0;32m  OK  [0m] Started Apply the settings specified in cloud-config.
         Starting Execute cloud user/final scripts...
ci-info: no authorized SSH keys fingerprints found for user ubuntu.
<14>Oct 19 16:49:38 ec2: 
<14>Oct 19 16:49:38 ec2: #############################################################
<14>Oct 19 16:49:38 ec2: -----BEGIN SSH HOST KEY FINGERPRINTS-----
<14>Oct 19 16:49:38 ec2: 1024 SHA256:b2AKriXVKngyA3HNfKqB3pxdA38vPiqScMf6Zg3Pmtg root@ubuntu-xenial (DSA)
<14>Oct 19 16:49:38 ec2: 256 SHA256:3CpNH8LukU+DSr6uFKipETyvf0/q58t55xbCFL1wJh4 root@ubuntu-xenial (ECDSA)
<14>Oct 19 16:49:38 ec2: 256 SHA256:U4eKRKdR4/F1dOJfTWB3n22N+3RXeNI+bP/vx8bKYBA root@ubuntu-xenial (ED25519)
<14>Oct 19 16:49:38 ec2: 2048 SHA256:cs3I7WKTfZ6fcUusX32BIolLsgIFFHtwHBfCxkZJvl8 root@ubuntu-xenial (RSA)
<14>Oct 19 16:49:38 ec2: -----END SSH HOST KEY FINGERPRINTS-----
<14>Oct 19 16:49:38 ec2: #############################################################
-----BEGIN SSH HOST KEY KEYS-----
ecdsa-sha2-nistp256 AAAAE2VjZHNhLXNoYTItbmlzdHAyNTYAAAAIbmlzdHAyNTYAAABBBH+2wOp0AjKoioBrMGvJcUoOVnuX0neTU8Ugpkga2+UkiLaZJdyH9E5F1ilKZ4aU1inGHxmINofkrE5d8WjiXMk= root@ubuntu-xenial
ssh-ed25519 AAAAC3NzaC1lZDI1NTE5AAAAIJCMVBuCBUgcaBegTPRaVnqQ3LBkrhmbruzkDo1hzasH root@ubuntu-xenial
ssh-rsa AAAAB3NzaC1yc2EAAAADAQABAAABAQDel+15pREFadMvjKqVi+tL6l1fYa5gre0mQNvZmb0yYJZpPUEJuWeQB2hieZVNqZzZ9DGBHKAZ+mDfDjH1/qnfuKsMc3ByUpCipV0sKvw6TH6W2jhsUVOx2gwGHIWPJeMwqYDub69XdE3ajEzSCqMHoGAfk7HK32vjrJXsjoJz99G5MoLdrhHF/8gjX99ylZU6/utoMjE1dIdDeVV5uzITizFGvsJMxXWlqhv76lP+ggQZUaABQhhfk+aTH6Yb4GrgCY2Ikn4gNcYAxvT7/ZETFtXx5M1VV5E7hR87KKllQFmqK9H6Khj8SyhdWCHBENPeccwpyVNoT5QHqC3GaMWn root@ubuntu-xenial
-----END SSH HOST KEY KEYS-----
[   18.563470] cloud-init[1392]: Cloud-init v. 21.1-19-gbad84ad4-0ubuntu1~16.04.2 running 'modules:final' at Wed, 19 Oct 2022 16:49:38 +0000. Up 18.40 seconds.
[   18.569020] cloud-init[1392]: ci-info: no authorized SSH keys fingerprints found for user ubuntu.
[   18.572841] cloud-init[1392]: Cloud-init v. 21.1-19-gbad84ad4-0ubuntu1~16.04.2 finished at Wed, 19 Oct 2022 16:49:38 +0000. Datasource DataSourceNoCloud [seed=/dev/sdb][dsmode=net].  Up 18.55 seconds
[[0;32m  OK  [0m] Started Execute cloud user/final scripts.
[[0;32m  OK  [0m] Reached target Cloud-init target.

Ubuntu 16.04.7 LTS ubuntu-xenial ttyS0

ubuntu-xenial login: 